c:\users\constantin catalin\documents\visual studio 2017\projects\hpc\worker\debug\worker.pch
c:\users\constantin catalin\documents\visual studio 2017\projects\hpc\worker\debug\vc141.pdb
c:\users\constantin catalin\documents\visual studio 2017\projects\hpc\worker\debug\vc141.idb
c:\users\constantin catalin\documents\visual studio 2017\projects\hpc\worker\debug\stdafx.obj
c:\users\constantin catalin\documents\visual studio 2017\projects\hpc\worker\debug\worker.obj
c:\users\constantin catalin\documents\visual studio 2017\projects\hpc\worker\debug\main.obj
c:\users\constantin catalin\documents\visual studio 2017\projects\hpc\worker\debug\logic.obj
c:\users\constantin catalin\documents\visual studio 2017\projects\hpc\debug\worker.exe
c:\users\constantin catalin\documents\visual studio 2017\projects\hpc\debug\worker.ilk
c:\users\constantin catalin\documents\visual studio 2017\projects\hpc\debug\worker.pdb
d:\repo\hpc\worker\debug\logic.obj
d:\repo\hpc\worker\debug\main.obj
d:\repo\hpc\worker\debug\stdafx.obj
d:\repo\hpc\worker\debug\worker.obj
d:\repo\hpc\worker\debug\worker.pch
d:\repo\hpc\worker\debug\vc141.idb
d:\repo\hpc\worker\debug\vc141.pdb
d:\repo\hpc\debug\worker.exe
d:\repo\hpc\debug\worker.ilk
d:\repo\hpc\worker\debug\worker.tlog\cl.command.1.tlog
d:\repo\hpc\worker\debug\worker.tlog\cl.read.1.tlog
d:\repo\hpc\worker\debug\worker.tlog\cl.write.1.tlog
d:\repo\hpc\worker\debug\worker.tlog\link.command.1.tlog
d:\repo\hpc\worker\debug\worker.tlog\link.read.1.tlog
d:\repo\hpc\worker\debug\worker.tlog\link.write.1.tlog
