c:\users\constantin catalin\documents\visual studio 2017\projects\hpc\master\debug\master.pch
c:\users\constantin catalin\documents\visual studio 2017\projects\hpc\master\debug\vc141.pdb
c:\users\constantin catalin\documents\visual studio 2017\projects\hpc\master\debug\vc141.idb
c:\users\constantin catalin\documents\visual studio 2017\projects\hpc\master\debug\stdafx.obj
c:\users\constantin catalin\documents\visual studio 2017\projects\hpc\master\debug\master.obj
c:\users\constantin catalin\documents\visual studio 2017\projects\hpc\master\debug\main.obj
c:\users\constantin catalin\documents\visual studio 2017\projects\hpc\master\debug\logic.obj
d:\repo\hpc\master\debug\master.pch
d:\repo\hpc\master\debug\vc141.pdb
d:\repo\hpc\master\debug\vc141.idb
d:\repo\hpc\master\debug\stdafx.obj
d:\repo\hpc\master\debug\logic.obj
d:\repo\hpc\master\debug\main.obj
c:\users\constantin catalin\documents\visual studio 2017\projects\hpc\debug\master.exe
c:\users\constantin catalin\documents\visual studio 2017\projects\hpc\debug\master.ilk
c:\users\constantin catalin\documents\visual studio 2017\projects\hpc\debug\master.pdb
d:\repo\hpc\debug\master.exe
d:\repo\hpc\debug\master.ilk
d:\repo\hpc\debug\master.pdb
d:\repo\hpc\master\debug\master.obj
d:\repo\hpc\master\debug\master.tlog\cl.command.1.tlog
d:\repo\hpc\master\debug\master.tlog\cl.read.1.tlog
d:\repo\hpc\master\debug\master.tlog\cl.write.1.tlog
d:\repo\hpc\master\debug\master.tlog\link.command.1.tlog
d:\repo\hpc\master\debug\master.tlog\link.read.1.tlog
d:\repo\hpc\master\debug\master.tlog\link.write.1.tlog
